<?xml version="1.0" encoding="UTF-8"?>
<testsuite name="LetterReplaceTest" tests="3" skipped="0" failures="0" errors="0" timestamp="2016-02-12T16:31:50" hostname="epicodus-66.local" time="0.002">
  <properties/>
  <testcase name="willReplaceLetter_allVowelsInPhrase_vowelsBecomeDashes" classname="LetterReplaceTest" time="0.001"/>
  <testcase name="willReplaceLetter_allVowelsInWord_vowelsBecomeDashes" classname="LetterReplaceTest" time="0.0"/>
  <testcase name="willReplaceLetter_aWithADash_aBecomesDash" classname="LetterReplaceTest" time="0.001"/>
  <system-out><![CDATA[]]></system-out>
  <system-err><![CDATA[]]></system-err>
</testsuite>
