<?xml version="1.0" encoding="UTF-8"?>
<testsuite name="LetterReplaceTest" tests="1" skipped="0" failures="0" errors="0" timestamp="2016-02-12T15:50:10" hostname="epicodus-66.local" time="0.001">
  <properties/>
  <testcase name="willReplaceLetter_aWithADash_aBecomesDash" classname="LetterReplaceTest" time="0.001"/>
  <system-out><![CDATA[]]></system-out>
  <system-err><![CDATA[]]></system-err>
</testsuite>
